<html>
<head>
<title>TestNG:  Default test</title>
<link href="../testng.css" rel="stylesheet" type="text/css" />
<link href="../my-testng.css" rel="stylesheet" type="text/css" />

<style type="text/css">
.log { display: none;} 
.stack-trace { display: none;} 
</style>
<script type="text/javascript">
<!--
function flip(e) {
  current = e.style.display;
  if (current == 'block') {
    e.style.display = 'none';
    return 0;
  }
  else {
    e.style.display = 'block';
    return 1;
  }
}

function toggleBox(szDivId, elem, msg1, msg2)
{
  var res = -1;  if (document.getElementById) {
    res = flip(document.getElementById(szDivId));
  }
  else if (document.all) {
    // this is the way old msie versions work
    res = flip(document.all[szDivId]);
  }
  if(elem) {
    if(res == 0) elem.innerHTML = msg1; else elem.innerHTML = msg2;
  }

}

function toggleAllBoxes() {
  if (document.getElementsByTagName) {
    d = document.getElementsByTagName('div');
    for (i = 0; i < d.length; i++) {
      if (d[i].className == 'log') {
        flip(d[i]);
      }
    }
  }
}

// -->
</script>

</head>
<body>
<h2 align='center'>Default test</h2><table border='1' align="center">
<tr>
<td>Tests passed/Failed/Skipped:</td><td>1/2/0</td>
</tr><tr>
<td>Started on:</td><td>Mon Nov 06 14:05:43 CET 2023</td>
</tr>
<tr><td>Total time:</td><td>32 seconds (32744 ms)</td>
</tr><tr>
<td>Included groups:</td><td></td>
</tr><tr>
<td>Excluded groups:</td><td></td>
</tr>
</table><p/>
<small><i>(Hover the method name to see the test class name)</i></small><p/>
<table width='100%' border='1' class='invocation-failed'>
<tr><td colspan='4' align='center'><b>FAILED TESTS</b></td></tr>
<tr><td><b>Test method</b></td>
<td width="30%"><b>Exception</b></td>
<td width="10%"><b>Time (seconds)</b></td>
<td><b>Instance</b></td>
</tr>
<tr>
<td title='runner.Runner.runScenario()'><b>runScenario</b><br>Test class: runner.Runner<br>Test method: Runs Cucumber Scenarios<br>Parameters: "Click on submit button adn see warning text for all fields(first name,second name,email)", "verify warning text in follow us section on main page for all fields"</td>
<td><div><pre>java.lang.AssertionError: did not expect [Please insert your email.] but found [Please insert your email.]
	at org.testng.Assert.fail(Assert.java:99)
	at org.testng.Assert.failEquals(Assert.java:1041)
	at org.testng.Assert.assertNotEqualsImpl(Assert.java:147)
	at org.testng.Assert.assertNotEquals(Assert.java:1531)
	at org.testng.Assert.assertNotEquals(Assert.java:1535)
	at stepDefinitions.SubmitButton.warningText(SubmitButton.java:57)
	at ✽.i see proper warning text for every field(file:///D:/Eclipse-Java-Projekat/VegaIT/src/test/java/features/Submit.feature:7)
</pre></div><a href='#' onClick='toggleBox("stack-trace1703837357", this, "Click to show all stack frames", "Click to hide stack frames")'>Click to show all stack frames</a>
<div class='stack-trace' id='stack-trace1703837357'><pre>java.lang.AssertionError: did not expect [Please insert your email.] but found [Please insert your email.]
	at org.testng.Assert.fail(Assert.java:99)
	at org.testng.Assert.failEquals(Assert.java:1041)
	at org.testng.Assert.assertNotEqualsImpl(Assert.java:147)
	at org.testng.Assert.assertNotEquals(Assert.java:1531)
	at org.testng.Assert.assertNotEquals(Assert.java:1535)
	at stepDefinitions.SubmitButton.warningText(SubmitButton.java:57)
	at ✽.i see proper warning text for every field(file:///D:/Eclipse-Java-Projekat/VegaIT/src/test/java/features/Submit.feature:7)
</pre></div></td>
<td>3</td>
<td>runner.Runner@3349e9bb</td></tr>
<tr>
<td title='runner.Runner.runScenario()'><b>runScenario</b><br>Test class: runner.Runner<br>Test method: Runs Cucumber Scenarios<br>Parameters: "Go to search option, in search field input dots and click on search icon", "Explore application and try some functionalities"</td>
<td><div><pre>java.lang.AssertionError: expected [Proxy element for: DefaultElementLocator &apos;By.xpath: //h1[normalize-space()=&apos;Search results&apos;]&apos;] but found [null]
	at org.testng.Assert.fail(Assert.java:99)
	at org.testng.Assert.failNotEquals(Assert.java:1037)
	at org.testng.Assert.assertEqualsImpl(Assert.java:140)
	at org.testng.Assert.assertEquals(Assert.java:122)
	at org.testng.Assert.assertEquals(Assert.java:617)
	at stepDefinitions.Search.verifySearchResults(Search.java:68)
	at ✽.i see search results(file:///D:/Eclipse-Java-Projekat/VegaIT/src/test/java/features/HomePageBugs.feature:10)
</pre></div><a href='#' onClick='toggleBox("stack-trace1134505351", this, "Click to show all stack frames", "Click to hide stack frames")'>Click to show all stack frames</a>
<div class='stack-trace' id='stack-trace1134505351'><pre>java.lang.AssertionError: expected [Proxy element for: DefaultElementLocator &apos;By.xpath: //h1[normalize-space()=&apos;Search results&apos;]&apos;] but found [null]
	at org.testng.Assert.fail(Assert.java:99)
	at org.testng.Assert.failNotEquals(Assert.java:1037)
	at org.testng.Assert.assertEqualsImpl(Assert.java:140)
	at org.testng.Assert.assertEquals(Assert.java:122)
	at org.testng.Assert.assertEquals(Assert.java:617)
	at stepDefinitions.Search.verifySearchResults(Search.java:68)
	at ✽.i see search results(file:///D:/Eclipse-Java-Projekat/VegaIT/src/test/java/features/HomePageBugs.feature:10)
</pre></div></td>
<td>23</td>
<td>runner.Runner@3349e9bb</td></tr>
</table><p>
<table width='100%' border='1' class='invocation-passed'>
<tr><td colspan='4' align='center'><b>PASSED TESTS</b></td></tr>
<tr><td><b>Test method</b></td>
<td width="30%"><b>Exception</b></td>
<td width="10%"><b>Time (seconds)</b></td>
<td><b>Instance</b></td>
</tr>
<tr>
<td title='runner.Runner.runScenario()'><b>runScenario</b><br>Test class: runner.Runner<br>Test method: Runs Cucumber Scenarios<br>Parameters: "Go to search option, in search field input dots and click on search icon", "Explore application and try some functionalities"</td>
<td></td>
<td>5</td>
<td>runner.Runner@3349e9bb</td></tr>
</table><p>
</body>
</html>