<?xml version="1.0" encoding="UTF-8"?>
<!-- Generated by org.testng.reporters.JUnitReportReporter -->
<testsuite hostname="ADMINRG-KGQ9CML" failures="2" tests="3" name="runner.Runner" time="31.814" errors="0" timestamp="2023-11-06T14:18:07 CET" skipped="0">
  <testcase classname="runner.Runner" name="runScenario" time="3.186">
    <failure message="did not expect [Please insert your email.] but found [Please insert your email.]" type="java.lang.AssertionError">
      <![CDATA[java.lang.AssertionError: did not expect [Please insert your email.] but found [Please insert your email.]
at org.testng.Assert.fail(Assert.java:99)
at org.testng.Assert.failEquals(Assert.java:1041)
at org.testng.Assert.assertNotEqualsImpl(Assert.java:147)
at org.testng.Assert.assertNotEquals(Assert.java:1531)
at org.testng.Assert.assertNotEquals(Assert.java:1535)
at stepDefinitions.SubmitButton.warningText(SubmitButton.java:57)
at ✽.i see proper warning text for every field(file:///D:/Eclipse-Java-Projekat/VegaIT/src/test/java/features/Submit.feature:7)
]]>
    </failure>
  </testcase> <!-- runScenario -->
  <system-out/>
  <testcase classname="runner.Runner" name="runScenario" time="4.899"/>
  <system-out/>
  <testcase classname="runner.Runner" name="runScenario" time="23.729">
    <failure message="expected [Proxy element for: DefaultElementLocator &#039;By.xpath: //h1[normalize-space()=&#039;Search results&#039;]&#039;] but found [null]" type="java.lang.AssertionError">
      <![CDATA[java.lang.AssertionError: expected [Proxy element for: DefaultElementLocator 'By.xpath: //h1[normalize-space()='Search results']'] but found [null]
at org.testng.Assert.fail(Assert.java:99)
at org.testng.Assert.failNotEquals(Assert.java:1037)
at org.testng.Assert.assertEqualsImpl(Assert.java:140)
at org.testng.Assert.assertEquals(Assert.java:122)
at org.testng.Assert.assertEquals(Assert.java:617)
at stepDefinitions.Search.verifySearchResults(Search.java:68)
at ✽.i see search results(file:///D:/Eclipse-Java-Projekat/VegaIT/src/test/java/features/HomePageBugs.feature:10)
]]>
    </failure>
  </testcase> <!-- runScenario -->
  <system-out/>
</testsuite> <!-- runner.Runner -->
